[2026-06-02 16:18:10] Starting Obsidian Memory Vault synchronization...
[2026-06-02 16:18:10] Querying Git status for F:\Final...
[2026-06-02 16:18:11] Git Info: Branch=[main], LastCommit=[3df6c79b - feat: complete split-hero integration and resolve ts build errors (Ahmed Fawzy, 2 hours ago)], ModifiedFiles=[152]
[2026-06-02 16:18:46] Starting Obsidian Memory Vault synchronization...
[2026-06-02 16:18:46] Querying Git status for F:\Final...
[2026-06-02 16:18:46] Git Info: Branch=[main], LastCommit=[3df6c79b - feat: complete split-hero integration and resolve ts build errors (Ahmed Fawzy, 2 hours ago)], ModifiedFiles=[152]
[2026-06-02 16:19:33] Starting Obsidian Memory Vault synchronization...
[2026-06-02 16:19:33] Querying Git status for F:\Final...
[2026-06-02 16:19:33] Git Info: Branch=[main], LastCommit=[3df6c79b - feat: complete split-hero integration and resolve ts build errors (Ahmed Fawzy, 2 hours ago)], ModifiedFiles=[152]
[2026-06-02 16:19:33] Calculating workspace stats (skipping node_modules, .git, etc.)...
[2026-06-02 16:20:08] Workspace stats: TotalFiles=[1292156]
[2026-06-02 16:20:08] Writing daily note to I:\Work Sierra Estates\Sierra Engine Brain\obsidian-vault\2026-06-02.md...
[2026-06-02 16:20:08] Appending sync log to Daily Activity Ledger.md...
[2026-06-02 16:20:08] Updating local workspace references in Sierra Estates Memory Engine.md...
[2026-06-02 16:20:08] Successfully updated absolute file links in Sierra Estates Memory Engine.md.
[2026-06-02 16:20:08] Obsidian Memory Vault synchronization completed successfully.
[2026-06-02 16:21:13] Workspace stats: TotalFiles=[1216321]
[2026-06-02 16:21:13] Writing daily note to I:\Work Sierra Estates\Sierra Engine Brain\obsidian-vault\2026-06-02.md...
[2026-06-02 16:21:13] Appending sync log to Daily Activity Ledger.md...
[2026-06-02 16:21:13] Updating local workspace references in Sierra Estates Memory Engine.md...
[2026-06-02 16:21:13] Obsidian Memory Vault synchronization completed successfully.
